Running: /opt/Xilinx/14.7/ISE_DS/ISE/bin/lin64/unwrapped/fuse -intstyle ise -incremental -lib unisims_ver -lib unimacro_ver -lib xilinxcorelib_ver -o /home/chaman/git/CS220/grid_walk/five_bit_adder_isim_beh.exe -prj /home/chaman/git/CS220/grid_walk/five_bit_adder_beh.prj work.five_bit_adder work.glbl 
ISim P.20131013 (signature 0xfbc00daa)
Number of CPUs detected in this system: 4
Turning on mult-threading, number of parallel sub-compilation jobs: 8 
Determining compilation order of HDL files
Analyzing Verilog file "/home/chaman/git/CS220/grid_walk/full_adder.v" into library work
Analyzing Verilog file "/home/chaman/git/CS220/grid_walk/five_bit_adder.v" into library work
Analyzing Verilog file "/opt/Xilinx/14.7/ISE_DS/ISE//verilog/src/glbl.v" into library work
Starting static elaboration
Completed static elaboration
Fuse Memory Usage: 102968 KB
Fuse CPU Usage: 1130 ms
Compiling module full_adder
Compiling module five_bit_adder
Compiling module glbl
Time Resolution for simulation is 1ps.
Waiting for 1 sub-compilation(s) to finish...
Compiled 3 Verilog Units
Built simulation executable /home/chaman/git/CS220/grid_walk/five_bit_adder_isim_beh.exe
Fuse Memory Usage: 663172 KB
Fuse CPU Usage: 1150 ms
GCC CPU Usage: 250 ms
