
****** PlanAhead v14.7 (64-bit)
  **** Build 321239 by xbuild on Fri Sep 27 19:24:36 MDT 2013
    ** Copyright 1986-1999, 2001-2013 Xilinx, Inc. All Rights Reserved.

INFO: [Common 17-78] Attempting to get a license: PlanAhead
INFO: [Common 17-290] Got license for PlanAhead
INFO: [Device 21-36] Loading parts and site information from /opt/Xilinx/14.7/ISE_DS/PlanAhead/data/parts/arch.xml
Parsing RTL primitives file [/opt/Xilinx/14.7/ISE_DS/PlanAhead/data/parts/xilinx/rtl/prims/rtl_prims.xml]
Finished parsing RTL primitives file [/opt/Xilinx/14.7/ISE_DS/PlanAhead/data/parts/xilinx/rtl/prims/rtl_prims.xml]
start_gui
source /home/chaman/Desktop/Lab6/Lab6_1/seven-bit-adder-substractor/pa.fromHdl.tcl
# create_project -name seven-bit-adder-substractor -dir "/home/chaman/Desktop/Lab6/Lab6_1/seven-bit-adder-substractor/planAhead_run_2" -part xc3s500efg320-4
# set_param project.pinAheadLayout yes
# set srcset [get_property srcset [current_run -impl]]
# set_property target_constrs_file "seven_bit_adder_substractor.ucf" [current_fileset -constrset]
Adding file '/home/chaman/Desktop/Lab6/Lab6_1/seven-bit-adder-substractor/seven_bit_adder_substractor.ucf' to fileset 'constrs_1'
# set hdlfile [add_files [list {full_adder.v}]]
# set_property file_type Verilog $hdlfile
# set_property library work $hdlfile
# set hdlfile [add_files [list {myinput.v}]]
# set_property file_type Verilog $hdlfile
# set_property library work $hdlfile
# set hdlfile [add_files [list {is_rotation.v}]]
# set_property file_type Verilog $hdlfile
# set_property library work $hdlfile
# set hdlfile [add_files [list {seven_bit_adder_substractor.v}]]
# set_property file_type Verilog $hdlfile
# set_property library work $hdlfile
# set_property top seven_bit_adder_substractor $srcset
# add_files [list {seven_bit_adder_substractor.ucf}] -fileset [get_property constrset [current_run]]
# open_rtl_design -part xc3s500efg320-4
Using Verific elaboration
Parsing VHDL file "/opt/Xilinx/14.7/ISE_DS/PlanAhead/data/parts/xilinx/rtl/lib/synplify/synattr.vhd" into library synplify
Analyzing Verilog file "/home/chaman/Desktop/Lab6/Lab6_1/seven-bit-adder-substractor/full_adder.v" into library work
Analyzing Verilog file "/home/chaman/Desktop/Lab6/Lab6_1/seven-bit-adder-substractor/myinput.v" into library work
Analyzing Verilog file "/home/chaman/Desktop/Lab6/Lab6_1/seven-bit-adder-substractor/is_rotation.v" into library work
Analyzing Verilog file "/home/chaman/Desktop/Lab6/Lab6_1/seven-bit-adder-substractor/seven_bit_adder_substractor.v" into library work
INFO: [Designutils 20-910] Reading macro library /opt/Xilinx/14.7/ISE_DS/PlanAhead/data/./parts/xilinx/spartan3e/spartan3e/hd_int_macros.edn
Parsing EDIF File [/opt/Xilinx/14.7/ISE_DS/PlanAhead/data/./parts/xilinx/spartan3e/spartan3e/hd_int_macros.edn]
Finished Parsing EDIF File [/opt/Xilinx/14.7/ISE_DS/PlanAhead/data/./parts/xilinx/spartan3e/spartan3e/hd_int_macros.edn]
Loading clock regions from /opt/Xilinx/14.7/ISE_DS/PlanAhead/data/parts/xilinx/spartan3e/spartan3e/xc3s500e/ClockRegion.xml
Loading clock buffers from /opt/Xilinx/14.7/ISE_DS/PlanAhead/data/parts/xilinx/spartan3e/spartan3e/xc3s500e/ClockBuffers.xml
Loading package from /opt/Xilinx/14.7/ISE_DS/PlanAhead/data/parts/xilinx/spartan3e/spartan3e/xc3s500e/fg320/Package.xml
Loading io standards from /opt/Xilinx/14.7/ISE_DS/PlanAhead/data/./parts/xilinx/spartan3e/IOStandards.xml
INFO: [Device 21-19] Loading pkg sso from /opt/Xilinx/14.7/ISE_DS/PlanAhead/data/parts/xilinx/spartan3e/spartan3e/xc3s500e/fg320/SSORules.xml
Loading list of drcs for the architecture : /opt/Xilinx/14.7/ISE_DS/PlanAhead/data/./parts/xilinx/spartan3e/spartan3e/drc.xml
INFO: [Timing 38-77] Reading timing library /opt/Xilinx/14.7/ISE_DS/PlanAhead/data/parts/xilinx/spartan3e/spartan3e/spartan3e-4.lib.
INFO: [Timing 38-34] Done reading timing library /opt/Xilinx/14.7/ISE_DS/PlanAhead/data/parts/xilinx/spartan3e/spartan3e/spartan3e-4.lib.
Parsing UCF File [/home/chaman/Desktop/Lab6/Lab6_1/seven-bit-adder-substractor/seven_bit_adder_substractor.ucf]
Finished Parsing UCF File [/home/chaman/Desktop/Lab6/Lab6_1/seven-bit-adder-substractor/seven_bit_adder_substractor.ucf]
INFO: [Project 1-111] Unisim Transformation Summary:
No Unisim elements were transformed.

Phase 0 | Netlist Checksum: 76ed428c
update_compile_order -fileset sim_1
startgroup
set_property package_pin V16 [get_ports reset]
endgroup
set_property iostandard LVTTL [get_ports [list reset]]
set_property pulltype PULLDOWN [get_ports [list reset]]
save_constraints
exit
ERROR: [Common 17-39] 'stop_gui' failed due to earlier errors.
INFO: [Common 17-206] Exiting PlanAhead at Mon Feb 25 16:53:09 2019...
INFO: [Common 17-83] Releasing license: PlanAhead
