Release 14.7 - xst P.20131013 (nt64)
Copyright (c) 1995-2013 Xilinx, Inc.  All rights reserved.
--> Parameter TMPDIR set to xst/projnav.tmp


Total REAL time to Xst completion: 0.00 secs
Total CPU time to Xst completion: 0.15 secs
 
--> Parameter xsthdpdir set to xst


Total REAL time to Xst completion: 0.00 secs
Total CPU time to Xst completion: 0.15 secs
 
--> Reading design: LCD_MIN.prj

TABLE OF CONTENTS
  1) Synthesis Options Summary
  2) HDL Compilation
  3) Design Hierarchy Analysis
  4) HDL Analysis
  5) HDL Synthesis
     5.1) HDL Synthesis Report
  6) Advanced HDL Synthesis
     6.1) Advanced HDL Synthesis Report
  7) Low Level Synthesis
  8) Partition Report
  9) Final Report
	9.1) Device utilization summary
	9.2) Partition Resource Summary
	9.3) TIMING REPORT


=========================================================================
*                      Synthesis Options Summary                        *
=========================================================================
---- Source Parameters
Input File Name                    : "LCD_MIN.prj"
Input Format                       : mixed
Ignore Synthesis Constraint File   : NO

---- Target Parameters
Output File Name                   : "LCD_MIN"
Output Format                      : NGC
Target Device                      : xc3s500e-4-fg320

---- Source Options
Top Module Name                    : LCD_MIN
Automatic FSM Extraction           : YES
FSM Encoding Algorithm             : Auto
Safe Implementation                : No
FSM Style                          : LUT
RAM Extraction                     : Yes
RAM Style                          : Auto
ROM Extraction                     : Yes
Mux Style                          : Auto
Decoder Extraction                 : YES
Priority Encoder Extraction        : Yes
Shift Register Extraction          : YES
Logical Shifter Extraction         : YES
XOR Collapsing                     : YES
ROM Style                          : Auto
Mux Extraction                     : Yes
Resource Sharing                   : YES
Asynchronous To Synchronous        : NO
Multiplier Style                   : Auto
Automatic Register Balancing       : No

---- Target Options
Add IO Buffers                     : YES
Global Maximum Fanout              : 100000
Add Generic Clock Buffer(BUFG)     : 24
Register Duplication               : YES
Slice Packing                      : YES
Optimize Instantiated Primitives   : NO
Use Clock Enable                   : Yes
Use Synchronous Set                : Yes
Use Synchronous Reset              : Yes
Pack IO Registers into IOBs        : Auto
Equivalent register Removal        : YES

---- General Options
Optimization Goal                  : Speed
Optimization Effort                : 1
Keep Hierarchy                     : No
Netlist Hierarchy                  : As_Optimized
RTL Output                         : Yes
Global Optimization                : AllClockNets
Read Cores                         : YES
Write Timing Constraints           : NO
Cross Clock Analysis               : NO
Hierarchy Separator                : /
Bus Delimiter                      : <>
Case Specifier                     : Maintain
Slice Utilization Ratio            : 100
BRAM Utilization Ratio             : 100
Verilog 2001                       : YES
Auto BRAM Packing                  : NO
Slice Utilization Ratio Delta      : 5

=========================================================================


=========================================================================
*                          HDL Compilation                              *
=========================================================================
Compiling verilog file "LCD.v" in library work
Compiling verilog file "minimum.v" in library work
Module <LCD> compiled
Compiling verilog file "LCD_MIN.v" in library work
Module <minimum> compiled
Module <LCD_MIN> compiled
No errors in compilation
Analysis of file <"LCD_MIN.prj"> succeeded.
 

=========================================================================
*                     Design Hierarchy Analysis                         *
=========================================================================
Analyzing hierarchy for module <LCD_MIN> in library <work>.

Analyzing hierarchy for module <minimum> in library <work>.

Analyzing hierarchy for module <LCD> in library <work>.


=========================================================================
*                            HDL Analysis                               *
=========================================================================
Analyzing top module <LCD_MIN>.
Module <LCD_MIN> is correct for synthesis.
 
Analyzing module <minimum> in library <work>.
Module <minimum> is correct for synthesis.
 
Analyzing module <LCD> in library <work>.
Module <LCD> is correct for synthesis.
 

=========================================================================
*                           HDL Synthesis                               *
=========================================================================

Performing bidirectional port resolution...
INFO:Xst:2679 - Register <lcd_w> in unit <LCD> has a constant value of 0 during circuit operation. The register is replaced by logic.

Synthesizing Unit <LCD>.
    Related source file is "LCD.v".
    Found finite state machine <FSM_0> for signal <step>.
    -----------------------------------------------------------------------
    | States             | 9                                              |
    | Transitions        | 72                                             |
    | Inputs             | 7                                              |
    | Outputs            | 9                                              |
    | Clock              | clk                       (rising_edge)        |
    | Clock enable       | step$cmp_eq0000           (positive)           |
    | Power Up State     | 0000                                           |
    | Encoding           | automatic                                      |
    | Implementation     | LUT                                            |
    -----------------------------------------------------------------------
    Found finite state machine <FSM_1> for signal <state>.
    -----------------------------------------------------------------------
    | States             | 7                                              |
    | Transitions        | 7                                              |
    | Inputs             | 0                                              |
    | Outputs            | 7                                              |
    | Clock              | clk                       (rising_edge)        |
    | Clock enable       | step$cmp_eq0000           (positive)           |
    | Power Up State     | 0000                                           |
    | Encoding           | automatic                                      |
    | Implementation     | LUT                                            |
    -----------------------------------------------------------------------
    Found 1-bit register for signal <lcd_e>.
    Found 1-bit register for signal <lcd_rs>.
    Found 4-bit register for signal <data>.
    Found 21-bit register for signal <counter>.
    Found 21-bit adder for signal <counter$addsub0000> created at line 334.
    Summary:
	inferred   2 Finite State Machine(s).
	inferred  27 D-type flip-flop(s).
	inferred   1 Adder/Subtractor(s).
Unit <LCD> synthesized.


Synthesizing Unit <minimum>.
    Related source file is "minimum.v".
WARNING:Xst:646 - Signal <lcd_w> is assigned but never used. This unconnected signal will be trimmed during the optimization process.
WARNING:Xst:646 - Signal <lcd_rs> is assigned but never used. This unconnected signal will be trimmed during the optimization process.
WARNING:Xst:646 - Signal <lcd_e> is assigned but never used. This unconnected signal will be trimmed during the optimization process.
WARNING:Xst:646 - Signal <data> is assigned but never used. This unconnected signal will be trimmed during the optimization process.
    Found 2-bit register for signal <minpos>.
    Found 8-bit register for signal <DB>.
    Found 3-bit comparator lessequal for signal <minpos$cmp_le0000> created at line 31.
    Found 3-bit comparator lessequal for signal <minpos$cmp_le0001> created at line 31.
    Found 3-bit comparator lessequal for signal <minpos$cmp_le0002> created at line 31.
    Found 3-bit comparator lessequal for signal <minpos$cmp_le0003> created at line 35.
    Found 3-bit comparator lessequal for signal <minpos$cmp_le0004> created at line 35.
    Found 3-bit comparator lessequal for signal <minpos$cmp_le0005> created at line 43.
    Found 3-bit comparator lessequal for signal <minpos$cmp_le0006> created at line 43.
    Found 3-bit comparator lessequal for signal <minpos$cmp_le0007> created at line 43.
    Found 3-bit comparator lessequal for signal <minpos$cmp_le0008> created at line 39.
    Found 3-bit comparator lessequal for signal <minpos$cmp_le0009> created at line 39.
    Summary:
	inferred  10 D-type flip-flop(s).
	inferred  10 Comparator(s).
Unit <minimum> synthesized.


Synthesizing Unit <LCD_MIN>.
    Related source file is "LCD_MIN.v".
WARNING:Xst:646 - Signal <minpos> is assigned but never used. This unconnected signal will be trimmed during the optimization process.
    Found finite state machine <FSM_2> for signal <counter>.
    -----------------------------------------------------------------------
    | States             | 4                                              |
    | Transitions        | 4                                              |
    | Inputs             | 0                                              |
    | Outputs            | 4                                              |
    | Clock              | slide<3>                  (rising_edge)        |
    | Power Up State     | 00                                             |
    | Encoding           | automatic                                      |
    | Implementation     | LUT                                            |
    -----------------------------------------------------------------------
    Found 3-bit register for signal <A>.
    Found 3-bit register for signal <B>.
    Found 3-bit register for signal <C>.
    Found 3-bit register for signal <D>.
    Summary:
	inferred   1 Finite State Machine(s).
	inferred  12 D-type flip-flop(s).
Unit <LCD_MIN> synthesized.


=========================================================================
HDL Synthesis Report

Macro Statistics
# Adders/Subtractors                                   : 1
 21-bit adder                                          : 1
# Registers                                            : 10
 1-bit register                                        : 2
 2-bit register                                        : 1
 21-bit register                                       : 1
 3-bit register                                        : 4
 4-bit register                                        : 1
 8-bit register                                        : 1
# Comparators                                          : 10
 3-bit comparator lessequal                            : 10

=========================================================================

=========================================================================
*                       Advanced HDL Synthesis                          *
=========================================================================

Analyzing FSM <FSM_2> for best encoding.
Optimizing FSM <counter/FSM> on signal <counter[1:4]> with one-hot encoding.
-------------------
 State | Encoding
-------------------
 00    | 0001
 01    | 0010
 10    | 0100
 11    | 1000
-------------------
Analyzing FSM <FSM_1> for best encoding.
Optimizing FSM <uut0/uut0/state/FSM> on signal <state[1:7]> with one-hot encoding.
-------------------
 State | Encoding
-------------------
 0000  | 0000001
 0001  | 0000010
 0010  | 0000100
 0011  | 0001000
 0100  | 0010000
 0101  | 0100000
 0110  | 1000000
-------------------
Analyzing FSM <FSM_0> for best encoding.
Optimizing FSM <uut0/uut0/step/FSM> on signal <step[1:4]> with gray encoding.
-------------------
 State | Encoding
-------------------
 0000  | 0000
 0001  | 0001
 0010  | 0011
 0011  | 0010
 0100  | 0110
 0101  | 0111
 0110  | 0101
 0111  | 0100
 1000  | 1100
-------------------
WARNING:Xst:1290 - Hierarchical block <uut0> is unconnected in block <LCD_MIN>.
   It will be removed from the design.

=========================================================================
Advanced HDL Synthesis Report

Macro Statistics
# FSMs                                                 : 3
# Adders/Subtractors                                   : 1
 21-bit adder                                          : 1
# Registers                                            : 49
 Flip-Flops                                            : 49
# Comparators                                          : 10
 3-bit comparator lessequal                            : 10

=========================================================================

=========================================================================
*                         Low Level Synthesis                           *
=========================================================================
WARNING:Xst:1426 - The value init of the FF/Latch FSM_FFd7 hinder the constant cleaning in the block FSM_1-parent.
   You should achieve better results by setting this init to 0.
WARNING:Xst:1426 - The value init of the FF/Latch DB_5 hinder the constant cleaning in the block minimum.
   You should achieve better results by setting this init to 1.
WARNING:Xst:1426 - The value init of the FF/Latch DB_4 hinder the constant cleaning in the block minimum.
   You should achieve better results by setting this init to 1.
WARNING:Xst:1293 - FF/Latch <DB_2> has a constant value of 0 in block <minimum>. This FF/Latch will be trimmed during the optimization process.
WARNING:Xst:1896 - Due to other FF/Latch trimming, FF/Latch <DB_3> has a constant value of 0 in block <minimum>. This FF/Latch will be trimmed during the optimization process.
WARNING:Xst:1896 - Due to other FF/Latch trimming, FF/Latch <DB_6> has a constant value of 0 in block <minimum>. This FF/Latch will be trimmed during the optimization process.
WARNING:Xst:1896 - Due to other FF/Latch trimming, FF/Latch <DB_7> has a constant value of 0 in block <minimum>. This FF/Latch will be trimmed during the optimization process.
INFO:Xst:2261 - The FF/Latch <DB_4> in Unit <minimum> is equivalent to the following FF/Latch, which will be removed : <DB_5> 

Optimizing unit <LCD_MIN> ...

Optimizing unit <LCD> ...

Optimizing unit <minimum> ...
WARNING:Xst:2677 - Node <A_0> of sequential type is unconnected in block <LCD_MIN>.
WARNING:Xst:2677 - Node <A_1> of sequential type is unconnected in block <LCD_MIN>.
WARNING:Xst:2677 - Node <A_2> of sequential type is unconnected in block <LCD_MIN>.
WARNING:Xst:2677 - Node <D_0> of sequential type is unconnected in block <LCD_MIN>.
WARNING:Xst:2677 - Node <D_1> of sequential type is unconnected in block <LCD_MIN>.
WARNING:Xst:2677 - Node <D_2> of sequential type is unconnected in block <LCD_MIN>.
WARNING:Xst:2677 - Node <B_0> of sequential type is unconnected in block <LCD_MIN>.
WARNING:Xst:2677 - Node <B_1> of sequential type is unconnected in block <LCD_MIN>.
WARNING:Xst:2677 - Node <B_2> of sequential type is unconnected in block <LCD_MIN>.
WARNING:Xst:2677 - Node <C_0> of sequential type is unconnected in block <LCD_MIN>.
WARNING:Xst:2677 - Node <C_1> of sequential type is unconnected in block <LCD_MIN>.
WARNING:Xst:2677 - Node <C_2> of sequential type is unconnected in block <LCD_MIN>.
WARNING:Xst:2677 - Node <counter_FSM_FFd4> of sequential type is unconnected in block <LCD_MIN>.
WARNING:Xst:2677 - Node <counter_FSM_FFd3> of sequential type is unconnected in block <LCD_MIN>.
WARNING:Xst:2677 - Node <counter_FSM_FFd2> of sequential type is unconnected in block <LCD_MIN>.
WARNING:Xst:2677 - Node <counter_FSM_FFd1> of sequential type is unconnected in block <LCD_MIN>.
WARNING:Xst:2677 - Node <uut0/uut0/lcd_e> of sequential type is unconnected in block <LCD_MIN>.
WARNING:Xst:2677 - Node <uut0/uut0/counter_0> of sequential type is unconnected in block <LCD_MIN>.
WARNING:Xst:2677 - Node <uut0/uut0/counter_1> of sequential type is unconnected in block <LCD_MIN>.
WARNING:Xst:2677 - Node <uut0/uut0/counter_2> of sequential type is unconnected in block <LCD_MIN>.
WARNING:Xst:2677 - Node <uut0/uut0/counter_3> of sequential type is unconnected in block <LCD_MIN>.
WARNING:Xst:2677 - Node <uut0/uut0/counter_4> of sequential type is unconnected in block <LCD_MIN>.
WARNING:Xst:2677 - Node <uut0/uut0/counter_5> of sequential type is unconnected in block <LCD_MIN>.
WARNING:Xst:2677 - Node <uut0/uut0/counter_6> of sequential type is unconnected in block <LCD_MIN>.
WARNING:Xst:2677 - Node <uut0/uut0/counter_7> of sequential type is unconnected in block <LCD_MIN>.
WARNING:Xst:2677 - Node <uut0/uut0/counter_8> of sequential type is unconnected in block <LCD_MIN>.
WARNING:Xst:2677 - Node <uut0/uut0/counter_9> of sequential type is unconnected in block <LCD_MIN>.
WARNING:Xst:2677 - Node <uut0/uut0/counter_10> of sequential type is unconnected in block <LCD_MIN>.
WARNING:Xst:2677 - Node <uut0/uut0/counter_11> of sequential type is unconnected in block <LCD_MIN>.
WARNING:Xst:2677 - Node <uut0/uut0/counter_12> of sequential type is unconnected in block <LCD_MIN>.
WARNING:Xst:2677 - Node <uut0/uut0/counter_13> of sequential type is unconnected in block <LCD_MIN>.
WARNING:Xst:2677 - Node <uut0/uut0/counter_14> of sequential type is unconnected in block <LCD_MIN>.
WARNING:Xst:2677 - Node <uut0/uut0/counter_15> of sequential type is unconnected in block <LCD_MIN>.
WARNING:Xst:2677 - Node <uut0/uut0/counter_16> of sequential type is unconnected in block <LCD_MIN>.
WARNING:Xst:2677 - Node <uut0/uut0/counter_17> of sequential type is unconnected in block <LCD_MIN>.
WARNING:Xst:2677 - Node <uut0/uut0/counter_18> of sequential type is unconnected in block <LCD_MIN>.
WARNING:Xst:2677 - Node <uut0/uut0/counter_19> of sequential type is unconnected in block <LCD_MIN>.
WARNING:Xst:2677 - Node <uut0/uut0/counter_20> of sequential type is unconnected in block <LCD_MIN>.
WARNING:Xst:2677 - Node <uut0/uut0/lcd_rs> of sequential type is unconnected in block <LCD_MIN>.
WARNING:Xst:2677 - Node <uut0/uut0/data_0> of sequential type is unconnected in block <LCD_MIN>.
WARNING:Xst:2677 - Node <uut0/uut0/data_1> of sequential type is unconnected in block <LCD_MIN>.
WARNING:Xst:2677 - Node <uut0/uut0/data_2> of sequential type is unconnected in block <LCD_MIN>.
WARNING:Xst:2677 - Node <uut0/uut0/data_3> of sequential type is unconnected in block <LCD_MIN>.
WARNING:Xst:2677 - Node <uut0/uut0/state_FSM_FFd1> of sequential type is unconnected in block <LCD_MIN>.
WARNING:Xst:2677 - Node <uut0/uut0/state_FSM_FFd7> of sequential type is unconnected in block <LCD_MIN>.
WARNING:Xst:2677 - Node <uut0/uut0/state_FSM_FFd6> of sequential type is unconnected in block <LCD_MIN>.
WARNING:Xst:2677 - Node <uut0/uut0/state_FSM_FFd5> of sequential type is unconnected in block <LCD_MIN>.
WARNING:Xst:2677 - Node <uut0/uut0/state_FSM_FFd4> of sequential type is unconnected in block <LCD_MIN>.
WARNING:Xst:2677 - Node <uut0/uut0/state_FSM_FFd3> of sequential type is unconnected in block <LCD_MIN>.
WARNING:Xst:2677 - Node <uut0/uut0/state_FSM_FFd2> of sequential type is unconnected in block <LCD_MIN>.
WARNING:Xst:2677 - Node <uut0/uut0/step_FSM_FFd1> of sequential type is unconnected in block <LCD_MIN>.
WARNING:Xst:2677 - Node <uut0/uut0/step_FSM_FFd2> of sequential type is unconnected in block <LCD_MIN>.
WARNING:Xst:2677 - Node <uut0/uut0/step_FSM_FFd3> of sequential type is unconnected in block <LCD_MIN>.
WARNING:Xst:2677 - Node <uut0/uut0/step_FSM_FFd4> of sequential type is unconnected in block <LCD_MIN>.
WARNING:Xst:2677 - Node <uut0/DB_4> of sequential type is unconnected in block <LCD_MIN>.
WARNING:Xst:2677 - Node <uut0/DB_1> of sequential type is unconnected in block <LCD_MIN>.
WARNING:Xst:2677 - Node <uut0/DB_0> of sequential type is unconnected in block <LCD_MIN>.
WARNING:Xst:2677 - Node <uut0/minpos_1> of sequential type is unconnected in block <LCD_MIN>.
WARNING:Xst:2677 - Node <uut0/minpos_0> of sequential type is unconnected in block <LCD_MIN>.

Mapping all equations...
Building and optimizing final netlist ...
Found area constraint ratio of 100 (+ 5) on block LCD_MIN, actual ratio is 0.

Final Macro Processing ...

=========================================================================
Final Register Report

Found no macro
=========================================================================

=========================================================================
*                           Partition Report                            *
=========================================================================

Partition Implementation Status
-------------------------------

  No Partitions were found in this design.

-------------------------------

=========================================================================
*                            Final Report                               *
=========================================================================
Final Results
RTL Top Level Output File Name     : LCD_MIN.ngr
Top Level Output File Name         : LCD_MIN
Output Format                      : NGC
Optimization Goal                  : Speed
Keep Hierarchy                     : No

Design Statistics
# IOs                              : 5

Cell Usage :
=========================================================================

Device utilization summary:
---------------------------

Selected Device : 3s500efg320-4 

 Number of Slices:                        0  out of   4656     0%  
 Number of IOs:                           5
 Number of bonded IOBs:                   0  out of    232     0%  

---------------------------
Partition Resource Summary:
---------------------------

  No Partitions were found in this design.

---------------------------


=========================================================================
TIMING REPORT

NOTE: THESE TIMING NUMBERS ARE ONLY A SYNTHESIS ESTIMATE.
      FOR ACCURATE TIMING INFORMATION PLEASE REFER TO THE TRACE REPORT
      GENERATED AFTER PLACE-and-ROUTE.

Clock Information:
------------------
No clock signals found in this design

Asynchronous Control Signals Information:
----------------------------------------
No asynchronous control signals found in this design

Timing Summary:
---------------
Speed Grade: -4

   Minimum period: No path found
   Minimum input arrival time before clock: No path found
   Maximum output required time after clock: No path found
   Maximum combinational path delay: No path found

Timing Detail:
--------------
All values displayed in nanoseconds (ns)

=========================================================================


Total REAL time to Xst completion: 7.00 secs
Total CPU time to Xst completion: 7.09 secs
 
--> 

Total memory usage is 4550528 kilobytes

Number of errors   :    0 (   0 filtered)
Number of warnings :   72 (   0 filtered)
Number of infos    :    2 (   0 filtered)

