Release 14.7 - xst P.20131013 (nt64)
Copyright (c) 1995-2013 Xilinx, Inc.  All rights reserved.
--> Parameter TMPDIR set to xst/projnav.tmp


Total REAL time to Xst completion: 0.00 secs
Total CPU time to Xst completion: 0.09 secs
 
--> Parameter xsthdpdir set to xst


Total REAL time to Xst completion: 0.00 secs
Total CPU time to Xst completion: 0.09 secs
 
--> Reading design: FSM.prj

TABLE OF CONTENTS
  1) Synthesis Options Summary
  2) HDL Compilation
  3) Design Hierarchy Analysis
  4) HDL Analysis
  5) HDL Synthesis
     5.1) HDL Synthesis Report
  6) Advanced HDL Synthesis
     6.1) Advanced HDL Synthesis Report
  7) Low Level Synthesis
  8) Partition Report
  9) Final Report
	9.1) Device utilization summary
	9.2) Partition Resource Summary
	9.3) TIMING REPORT


=========================================================================
*                      Synthesis Options Summary                        *
=========================================================================
---- Source Parameters
Input File Name                    : "FSM.prj"
Input Format                       : mixed
Ignore Synthesis Constraint File   : NO

---- Target Parameters
Output File Name                   : "FSM"
Output Format                      : NGC
Target Device                      : xc3s500e-4-fg320

---- Source Options
Top Module Name                    : FSM
Automatic FSM Extraction           : YES
FSM Encoding Algorithm             : Auto
Safe Implementation                : No
FSM Style                          : LUT
RAM Extraction                     : Yes
RAM Style                          : Auto
ROM Extraction                     : Yes
Mux Style                          : Auto
Decoder Extraction                 : YES
Priority Encoder Extraction        : Yes
Shift Register Extraction          : YES
Logical Shifter Extraction         : YES
XOR Collapsing                     : YES
ROM Style                          : Auto
Mux Extraction                     : Yes
Resource Sharing                   : YES
Asynchronous To Synchronous        : NO
Multiplier Style                   : Auto
Automatic Register Balancing       : No

---- Target Options
Add IO Buffers                     : YES
Global Maximum Fanout              : 500
Add Generic Clock Buffer(BUFG)     : 24
Register Duplication               : YES
Slice Packing                      : YES
Optimize Instantiated Primitives   : NO
Use Clock Enable                   : Yes
Use Synchronous Set                : Yes
Use Synchronous Reset              : Yes
Pack IO Registers into IOBs        : Auto
Equivalent register Removal        : YES

---- General Options
Optimization Goal                  : Speed
Optimization Effort                : 1
Keep Hierarchy                     : No
Netlist Hierarchy                  : As_Optimized
RTL Output                         : Yes
Global Optimization                : AllClockNets
Read Cores                         : YES
Write Timing Constraints           : NO
Cross Clock Analysis               : NO
Hierarchy Separator                : /
Bus Delimiter                      : <>
Case Specifier                     : Maintain
Slice Utilization Ratio            : 100
BRAM Utilization Ratio             : 100
Verilog 2001                       : YES
Auto BRAM Packing                  : NO
Slice Utilization Ratio Delta      : 5

=========================================================================


=========================================================================
*                          HDL Compilation                              *
=========================================================================
Compiling verilog file "FSM.v" in library work
Module <FSM> compiled
No errors in compilation
Analysis of file <"FSM.prj"> succeeded.
 

=========================================================================
*                     Design Hierarchy Analysis                         *
=========================================================================
Analyzing hierarchy for module <FSM> in library <work>.


=========================================================================
*                            HDL Analysis                               *
=========================================================================
Analyzing top module <FSM>.
Module <FSM> is correct for synthesis.
 

=========================================================================
*                           HDL Synthesis                               *
=========================================================================

Performing bidirectional port resolution...

Synthesizing Unit <FSM>.
    Related source file is "FSM.v".
WARNING:Xst:1781 - Signal <microcode> is used but never assigned. Tied to default value.
WARNING:Xst:1781 - Signal <dispatch2> is used but never assigned. Tied to default value.
WARNING:Xst:1781 - Signal <dispatch1> is used but never assigned. Tied to default value.
    Found 13x3-bit ROM for signal <$varindex0000> created at line 55.
    Found 4x8-bit ROM for signal <Y$rom0000>.
    Found 4-bit register for signal <state>.
    Found 4-bit register for signal <initial_st>.
    Found 4-bit adder for signal <state$addsub0000> created at line 56.
    Summary:
	inferred   2 ROM(s).
	inferred   8 D-type flip-flop(s).
	inferred   1 Adder/Subtractor(s).
Unit <FSM> synthesized.


=========================================================================
HDL Synthesis Report

Macro Statistics
# ROMs                                                 : 2
 13x3-bit ROM                                          : 1
 4x8-bit ROM                                           : 1
# Adders/Subtractors                                   : 1
 4-bit adder                                           : 1
# Registers                                            : 2
 4-bit register                                        : 2

=========================================================================

=========================================================================
*                       Advanced HDL Synthesis                          *
=========================================================================


Synthesizing (advanced) Unit <FSM>.
INFO:Xst:3034 - In order to maximize performance and save block RAM resources, the small ROM <Mrom__varindex0000> will be implemented on LUT. If you want to force its implementation on block, use option/constraint rom_style.
Unit <FSM> synthesized (advanced).

=========================================================================
Advanced HDL Synthesis Report

Macro Statistics
# ROMs                                                 : 2
 13x3-bit ROM                                          : 1
 4x8-bit ROM                                           : 1
# Adders/Subtractors                                   : 1
 4-bit adder                                           : 1
# Registers                                            : 8
 Flip-Flops                                            : 8

=========================================================================

=========================================================================
*                         Low Level Synthesis                           *
=========================================================================

Optimizing unit <FSM> ...

Mapping all equations...
Building and optimizing final netlist ...
Found area constraint ratio of 100 (+ 5) on block FSM, actual ratio is 0.

Final Macro Processing ...

=========================================================================
Final Register Report

Macro Statistics
# Registers                                            : 8
 Flip-Flops                                            : 8

=========================================================================

=========================================================================
*                           Partition Report                            *
=========================================================================

Partition Implementation Status
-------------------------------

  No Partitions were found in this design.

-------------------------------

=========================================================================
*                            Final Report                               *
=========================================================================
Final Results
RTL Top Level Output File Name     : FSM.ngr
Top Level Output File Name         : FSM
Output Format                      : NGC
Optimization Goal                  : Speed
Keep Hierarchy                     : No

Design Statistics
# IOs                              : 7

Cell Usage :
# BELS                             : 13
#      LUT2                        : 2
#      LUT3                        : 1
#      LUT3_L                      : 1
#      LUT4                        : 6
#      LUT4_L                      : 2
#      MUXF5                       : 1
# FlipFlops/Latches                : 8
#      FD                          : 6
#      FDS                         : 2
# Clock Buffers                    : 1
#      BUFGP                       : 1
# IO Buffers                       : 6
#      IBUF                        : 2
#      OBUF                        : 4
=========================================================================

Device utilization summary:
---------------------------

Selected Device : 3s500efg320-4 

 Number of Slices:                        7  out of   4656     0%  
 Number of Slice Flip Flops:              8  out of   9312     0%  
 Number of 4 input LUTs:                 12  out of   9312     0%  
 Number of IOs:                           7
 Number of bonded IOBs:                   7  out of    232     3%  
 Number of GCLKs:                         1  out of     24     4%  

---------------------------
Partition Resource Summary:
---------------------------

  No Partitions were found in this design.

---------------------------


=========================================================================
TIMING REPORT

NOTE: THESE TIMING NUMBERS ARE ONLY A SYNTHESIS ESTIMATE.
      FOR ACCURATE TIMING INFORMATION PLEASE REFER TO THE TRACE REPORT
      GENERATED AFTER PLACE-and-ROUTE.

Clock Information:
------------------
-----------------------------------+------------------------+-------+
Clock Signal                       | Clock buffer(FF name)  | Load  |
-----------------------------------+------------------------+-------+
clk                                | BUFGP                  | 8     |
-----------------------------------+------------------------+-------+

Asynchronous Control Signals Information:
----------------------------------------
No asynchronous control signals found in this design

Timing Summary:
---------------
Speed Grade: -4

   Minimum period: 4.226ns (Maximum Frequency: 236.630MHz)
   Minimum input arrival time before clock: 5.220ns
   Maximum output required time after clock: 4.310ns
   Maximum combinational path delay: No path found

Timing Detail:
--------------
All values displayed in nanoseconds (ns)

=========================================================================
Timing constraint: Default period analysis for Clock 'clk'
  Clock period: 4.226ns (frequency: 236.630MHz)
  Total number of paths / destination ports: 33 / 10
-------------------------------------------------------------------------
Delay:               4.226ns (Levels of Logic = 2)
  Source:            initial_st_2 (FF)
  Destination:       state_1 (FF)
  Source Clock:      clk rising
  Destination Clock: clk rising

  Data Path: initial_st_2 to state_1
                                Gate     Net
    Cell:in->out      fanout   Delay   Delay  Logical Name (Net Name)
    ----------------------------------------  ------------
     FD:C->Q               8   0.591   0.792  initial_st_2 (initial_st_2)
     LUT3_L:I2->LO         1   0.704   0.104  state_mux0000<1>16_SW0 (N16)
     LUT4:I3->O            1   0.704   0.420  state_mux0000<1>16 (state_mux0000<1>16)
     FDS:S                     0.911          state_1
    ----------------------------------------
    Total                      4.226ns (2.910ns logic, 1.316ns route)
                                       (68.9% logic, 31.1% route)

=========================================================================
Timing constraint: Default OFFSET IN BEFORE for Clock 'clk'
  Total number of paths / destination ports: 9 / 4
-------------------------------------------------------------------------
Offset:              5.220ns (Levels of Logic = 4)
  Source:            Y<1> (PAD)
  Destination:       state_2 (FF)
  Destination Clock: clk rising

  Data Path: Y<1> to state_2
                                Gate     Net
    Cell:in->out      fanout   Delay   Delay  Logical Name (Net Name)
    ----------------------------------------  ------------
     IBUF:I->O             5   1.218   0.808  Y_1_IBUF (Mrom_Y_rom00005)
     LUT2:I0->O            1   0.704   0.595  state_mux0000<2>0 (state_mux0000<2>0)
     LUT4_L:I0->LO         1   0.704   0.179  state_mux0000<2>28 (state_mux0000<2>28)
     LUT2:I1->O            1   0.704   0.000  state_mux0000<2>531 (state_mux0000<2>53)
     FDS:D                     0.308          state_2
    ----------------------------------------
    Total                      5.220ns (3.638ns logic, 1.582ns route)
                                       (69.7% logic, 30.3% route)

=========================================================================
Timing constraint: Default OFFSET OUT AFTER for Clock 'clk'
  Total number of paths / destination ports: 4 / 4
-------------------------------------------------------------------------
Offset:              4.310ns (Levels of Logic = 1)
  Source:            state_3 (FF)
  Destination:       state<3> (PAD)
  Source Clock:      clk rising

  Data Path: state_3 to state<3>
                                Gate     Net
    Cell:in->out      fanout   Delay   Delay  Logical Name (Net Name)
    ----------------------------------------  ------------
     FD:C->Q               2   0.591   0.447  state_3 (state_3)
     OBUF:I->O                 3.272          state_3_OBUF (state<3>)
    ----------------------------------------
    Total                      4.310ns (3.863ns logic, 0.447ns route)
                                       (89.6% logic, 10.4% route)

=========================================================================


Total REAL time to Xst completion: 4.00 secs
Total CPU time to Xst completion: 3.67 secs
 
--> 

Total memory usage is 4534324 kilobytes

Number of errors   :    0 (   0 filtered)
Number of warnings :    3 (   0 filtered)
Number of infos    :    1 (   0 filtered)

