Release 14.7 - xst P.20131013 (lin64)
Copyright (c) 1995-2013 Xilinx, Inc.  All rights reserved.
--> 
Parameter TMPDIR set to xst/projnav.tmp


Total REAL time to Xst completion: 0.00 secs
Total CPU time to Xst completion: 0.05 secs
 
--> 
Parameter xsthdpdir set to xst


Total REAL time to Xst completion: 0.00 secs
Total CPU time to Xst completion: 0.05 secs
 
--> 
Reading design: memory.prj

TABLE OF CONTENTS
  1) Synthesis Options Summary
  2) HDL Compilation
  3) Design Hierarchy Analysis
  4) HDL Analysis
  5) HDL Synthesis
     5.1) HDL Synthesis Report
  6) Advanced HDL Synthesis
     6.1) Advanced HDL Synthesis Report
  7) Low Level Synthesis
  8) Partition Report
  9) Final Report
	9.1) Device utilization summary
	9.2) Partition Resource Summary
	9.3) TIMING REPORT


=========================================================================
*                      Synthesis Options Summary                        *
=========================================================================
---- Source Parameters
Input File Name                    : "memory.prj"
Input Format                       : mixed
Ignore Synthesis Constraint File   : NO

---- Target Parameters
Output File Name                   : "memory"
Output Format                      : NGC
Target Device                      : xc3s500e-4-fg320

---- Source Options
Top Module Name                    : memory
Automatic FSM Extraction           : YES
FSM Encoding Algorithm             : Auto
Safe Implementation                : No
FSM Style                          : LUT
RAM Extraction                     : Yes
RAM Style                          : Auto
ROM Extraction                     : Yes
Mux Style                          : Auto
Decoder Extraction                 : YES
Priority Encoder Extraction        : Yes
Shift Register Extraction          : YES
Logical Shifter Extraction         : YES
XOR Collapsing                     : YES
ROM Style                          : Auto
Mux Extraction                     : Yes
Resource Sharing                   : YES
Asynchronous To Synchronous        : NO
Multiplier Style                   : Auto
Automatic Register Balancing       : No

---- Target Options
Add IO Buffers                     : YES
Global Maximum Fanout              : 500
Add Generic Clock Buffer(BUFG)     : 24
Register Duplication               : YES
Slice Packing                      : YES
Optimize Instantiated Primitives   : NO
Use Clock Enable                   : Yes
Use Synchronous Set                : Yes
Use Synchronous Reset              : Yes
Pack IO Registers into IOBs        : Auto
Equivalent register Removal        : YES

---- General Options
Optimization Goal                  : Speed
Optimization Effort                : 1
Keep Hierarchy                     : No
Netlist Hierarchy                  : As_Optimized
RTL Output                         : Yes
Global Optimization                : AllClockNets
Read Cores                         : YES
Write Timing Constraints           : NO
Cross Clock Analysis               : NO
Hierarchy Separator                : /
Bus Delimiter                      : <>
Case Specifier                     : Maintain
Slice Utilization Ratio            : 100
BRAM Utilization Ratio             : 100
Verilog 2001                       : YES
Auto BRAM Packing                  : NO
Slice Utilization Ratio Delta      : 5

=========================================================================


=========================================================================
*                          HDL Compilation                              *
=========================================================================
Compiling verilog file "memory.v" in library work
Module <memory> compiled
No errors in compilation
Analysis of file <"memory.prj"> succeeded.
 

=========================================================================
*                     Design Hierarchy Analysis                         *
=========================================================================
Analyzing hierarchy for module <memory> in library <work>.


=========================================================================
*                            HDL Analysis                               *
=========================================================================
Analyzing top module <memory>.
Module <memory> is correct for synthesis.
 

=========================================================================
*                           HDL Synthesis                               *
=========================================================================

Performing bidirectional port resolution...

Synthesizing Unit <memory>.
    Related source file is "memory.v".
WARNING:Xst:646 - Signal <w<25:21>> is assigned but never used. This unconnected signal will be trimmed during the optimization process.
WARNING:Xst:646 - Signal <w<10:0>> is assigned but never used. This unconnected signal will be trimmed during the optimization process.
WARNING:Xst:1781 - Signal <inst_memory> is used but never assigned. Tied to default value.
WARNING:Xst:1780 - Signal <i> is never used or assigned. This unconnected signal will be trimmed during the optimization process.
    Found 8x32-bit ROM for signal <$COND_1>.
    Found 8-bit register for signal <leds>.
    Found 2-bit register for signal <cnt_3>.
    Found 2-bit adder for signal <cnt_3$share0000>.
    Found 2-bit register for signal <cnt_4>.
    Found 2-bit adder for signal <cnt_4$share0000>.
    Found 2-bit register for signal <cnt_5>.
    Found 2-bit adder for signal <cnt_5$share0000>.
    Found 2-bit register for signal <cnt_6>.
    Found 2-bit adder for signal <cnt_6$share0000>.
    Found 3-bit up counter for signal <cnt_i>.
    Found 2-bit up counter for signal <cnt_j>.
    Found 4-bit up counter for signal <cnt_prog>.
    Found 3-bit up counter for signal <cnt_r>.
    Summary:
	inferred   1 ROM(s).
	inferred   4 Counter(s).
	inferred  16 D-type flip-flop(s).
	inferred   4 Adder/Subtractor(s).
Unit <memory> synthesized.

INFO:Xst:1767 - HDL ADVISOR - Resource sharing has identified that some arithmetic operations in this design can share the same physical resources for reduced device utilization. For improved clock frequency you may try to disable resource sharing.

=========================================================================
HDL Synthesis Report

Macro Statistics
# ROMs                                                 : 1
 8x32-bit ROM                                          : 1
# Adders/Subtractors                                   : 4
 2-bit adder                                           : 4
# Counters                                             : 4
 2-bit up counter                                      : 1
 3-bit up counter                                      : 2
 4-bit up counter                                      : 1
# Registers                                            : 12
 1-bit register                                        : 8
 2-bit register                                        : 4

=========================================================================

=========================================================================
*                       Advanced HDL Synthesis                          *
=========================================================================


=========================================================================
Advanced HDL Synthesis Report

Macro Statistics
# ROMs                                                 : 1
 8x32-bit ROM                                          : 1
# Adders/Subtractors                                   : 4
 2-bit adder                                           : 4
# Counters                                             : 4
 2-bit up counter                                      : 1
 3-bit up counter                                      : 2
 4-bit up counter                                      : 1
# Registers                                            : 16
 Flip-Flops                                            : 16

=========================================================================

=========================================================================
*                         Low Level Synthesis                           *
=========================================================================

Optimizing unit <memory> ...

Mapping all equations...
Building and optimizing final netlist ...
Found area constraint ratio of 100 (+ 5) on block memory, actual ratio is 0.

Final Macro Processing ...

=========================================================================
Final Register Report

Macro Statistics
# Registers                                            : 28
 Flip-Flops                                            : 28

=========================================================================

=========================================================================
*                           Partition Report                            *
=========================================================================

Partition Implementation Status
-------------------------------

  No Partitions were found in this design.

-------------------------------

=========================================================================
*                            Final Report                               *
=========================================================================
Final Results
RTL Top Level Output File Name     : memory.ngr
Top Level Output File Name         : memory
Output Format                      : NGC
Optimization Goal                  : Speed
Keep Hierarchy                     : No

Design Statistics
# IOs                              : 10

Cell Usage :
# BELS                             : 35
#      INV                         : 4
#      LUT2                        : 6
#      LUT2_D                      : 1
#      LUT3                        : 12
#      LUT4                        : 12
# FlipFlops/Latches                : 28
#      FDE                         : 28
# Clock Buffers                    : 1
#      BUFGP                       : 1
# IO Buffers                       : 9
#      IBUF                        : 1
#      OBUF                        : 8
=========================================================================

Device utilization summary:
---------------------------

Selected Device : 3s500efg320-4 

 Number of Slices:                       17  out of   4656     0%  
 Number of Slice Flip Flops:             28  out of   9312     0%  
 Number of 4 input LUTs:                 35  out of   9312     0%  
 Number of IOs:                          10
 Number of bonded IOBs:                  10  out of    232     4%  
 Number of GCLKs:                         1  out of     24     4%  

---------------------------
Partition Resource Summary:
---------------------------

  No Partitions were found in this design.

---------------------------


=========================================================================
TIMING REPORT

NOTE: THESE TIMING NUMBERS ARE ONLY A SYNTHESIS ESTIMATE.
      FOR ACCURATE TIMING INFORMATION PLEASE REFER TO THE TRACE REPORT
      GENERATED AFTER PLACE-and-ROUTE.

Clock Information:
------------------
-----------------------------------+------------------------+-------+
Clock Signal                       | Clock buffer(FF name)  | Load  |
-----------------------------------+------------------------+-------+
clk                                | BUFGP                  | 28    |
-----------------------------------+------------------------+-------+

Asynchronous Control Signals Information:
----------------------------------------
No asynchronous control signals found in this design

Timing Summary:
---------------
Speed Grade: -4

   Minimum period: 3.933ns (Maximum Frequency: 254.259MHz)
   Minimum input arrival time before clock: 3.162ns
   Maximum output required time after clock: 4.283ns
   Maximum combinational path delay: No path found

Timing Detail:
--------------
All values displayed in nanoseconds (ns)

=========================================================================
Timing constraint: Default period analysis for Clock 'clk'
  Clock period: 3.933ns (frequency: 254.259MHz)
  Total number of paths / destination ports: 182 / 56
-------------------------------------------------------------------------
Delay:               3.933ns (Levels of Logic = 2)
  Source:            cnt_prog_1 (FF)
  Destination:       cnt_4_1 (FF)
  Source Clock:      clk rising
  Destination Clock: clk rising

  Data Path: cnt_prog_1 to cnt_4_1
                                Gate     Net
    Cell:in->out      fanout   Delay   Delay  Logical Name (Net Name)
    ----------------------------------------  ------------
     FDE:C->Q             14   0.591   1.175  cnt_prog_1 (cnt_prog_1)
     LUT2:I0->O            2   0.704   0.451  cnt_4_mux0000<1>111 (N9)
     LUT4:I3->O            1   0.704   0.000  cnt_5_mux0000<1>1 (cnt_5_mux0000<1>)
     FDE:D                     0.308          cnt_5_1
    ----------------------------------------
    Total                      3.933ns (2.307ns logic, 1.626ns route)
                                       (58.7% logic, 41.3% route)

=========================================================================
Timing constraint: Default OFFSET IN BEFORE for Clock 'clk'
  Total number of paths / destination ports: 8 / 8
-------------------------------------------------------------------------
Offset:              3.162ns (Levels of Logic = 2)
  Source:            mode (PAD)
  Destination:       leds_2 (FF)
  Destination Clock: clk rising

  Data Path: mode to leds_2
                                Gate     Net
    Cell:in->out      fanout   Delay   Delay  Logical Name (Net Name)
    ----------------------------------------  ------------
     IBUF:I->O             8   1.218   0.932  mode_IBUF (mode_IBUF)
     LUT3:I0->O            1   0.704   0.000  leds_7_mux00001 (leds_7_mux0000)
     FDE:D                     0.308          leds_7
    ----------------------------------------
    Total                      3.162ns (2.230ns logic, 0.932ns route)
                                       (70.5% logic, 29.5% route)

=========================================================================
Timing constraint: Default OFFSET OUT AFTER for Clock 'clk'
  Total number of paths / destination ports: 8 / 8
-------------------------------------------------------------------------
Offset:              4.283ns (Levels of Logic = 1)
  Source:            leds_7 (FF)
  Destination:       leds<7> (PAD)
  Source Clock:      clk rising

  Data Path: leds_7 to leds<7>
                                Gate     Net
    Cell:in->out      fanout   Delay   Delay  Logical Name (Net Name)
    ----------------------------------------  ------------
     FDE:C->Q              1   0.591   0.420  leds_7 (leds_7)
     OBUF:I->O                 3.272          leds_7_OBUF (leds<7>)
    ----------------------------------------
    Total                      4.283ns (3.863ns logic, 0.420ns route)
                                       (90.2% logic, 9.8% route)

=========================================================================


Total REAL time to Xst completion: 4.00 secs
Total CPU time to Xst completion: 3.55 secs
 
--> 


Total memory usage is 520624 kilobytes

Number of errors   :    0 (   0 filtered)
Number of warnings :    4 (   0 filtered)
Number of infos    :    1 (   0 filtered)

