#-----------------------------------------------------------
# PlanAhead v14.7 (64-bit)
# Build 321239 by xbuild on Fri Sep 27 19:24:36 MDT 2013
# Start of session at: Mon Feb 25 15:43:25 2019
# Process ID: 11049
# Log file: /home/chaman/Desktop/Lab6/Lab6_1/seven-bit-adder-substractor/planAhead_run_1/planAhead.log
# Journal file: /home/chaman/Desktop/Lab6/Lab6_1/seven-bit-adder-substractor/planAhead_run_1/planAhead.jou
#-----------------------------------------------------------
INFO: [Common 17-78] Attempting to get a license: PlanAhead
WARNING: [Common 17-301] Failed to get a license: PlanAhead
INFO: [Device 21-36] Loading parts and site information from /opt/Xilinx/14.7/ISE_DS/PlanAhead/data/parts/arch.xml
Parsing RTL primitives file [/opt/Xilinx/14.7/ISE_DS/PlanAhead/data/parts/xilinx/rtl/prims/rtl_prims.xml]
Finished parsing RTL primitives file [/opt/Xilinx/14.7/ISE_DS/PlanAhead/data/parts/xilinx/rtl/prims/rtl_prims.xml]
start_gui
INFO: [Common 17-78] Attempting to get a license: PlanAhead
WARNING: [Common 17-301] Failed to get a license: PlanAhead
source /home/chaman/Desktop/Lab6/Lab6_1/seven-bit-adder-substractor/pa.fromHdl.tcl
# create_project -name seven-bit-adder-substractor -dir "/home/chaman/Desktop/Lab6/Lab6_1/seven-bit-adder-substractor/planAhead_run_1" -part xc3s500efg320-4
# set_param project.pinAheadLayout yes
# set srcset [get_property srcset [current_run -impl]]
# set_property target_constrs_file "seven_bit_adder_substractor.ucf" [current_fileset -constrset]
Adding file '/home/chaman/Desktop/Lab6/Lab6_1/seven-bit-adder-substractor/seven_bit_adder_substractor.ucf' to fileset 'constrs_1'
# set hdlfile [add_files [list {full_adder.v}]]
# set_property file_type Verilog $hdlfile
# set_property library work $hdlfile
# set hdlfile [add_files [list {myinput.v}]]
# set_property file_type Verilog $hdlfile
# set_property library work $hdlfile
# set hdlfile [add_files [list {is_rotation.v}]]
# set_property file_type Verilog $hdlfile
# set_property library work $hdlfile
# set hdlfile [add_files [list {seven_bit_adder_substractor.v}]]
# set_property file_type Verilog $hdlfile
# set_property library work $hdlfile
# set_property top seven_bit_adder_substractor $srcset
# add_files [list {seven_bit_adder_substractor.ucf}] -fileset [get_property constrset [current_run]]
# open_rtl_design -part xc3s500efg320-4
Using Verific elaboration
Parsing VHDL file "/opt/Xilinx/14.7/ISE_DS/PlanAhead/data/parts/xilinx/rtl/lib/synplify/synattr.vhd" into library synplify
Analyzing Verilog file "/home/chaman/Desktop/Lab6/Lab6_1/seven-bit-adder-substractor/full_adder.v" into library work
Analyzing Verilog file "/home/chaman/Desktop/Lab6/Lab6_1/seven-bit-adder-substractor/myinput.v" into library work
Analyzing Verilog file "/home/chaman/Desktop/Lab6/Lab6_1/seven-bit-adder-substractor/is_rotation.v" into library work
Analyzing Verilog file "/home/chaman/Desktop/Lab6/Lab6_1/seven-bit-adder-substractor/seven_bit_adder_substractor.v" into library work
INFO: [Designutils 20-910] Reading macro library /opt/Xilinx/14.7/ISE_DS/PlanAhead/data/./parts/xilinx/spartan3e/spartan3e/hd_int_macros.edn
Parsing EDIF File [/opt/Xilinx/14.7/ISE_DS/PlanAhead/data/./parts/xilinx/spartan3e/spartan3e/hd_int_macros.edn]
Finished Parsing EDIF File [/opt/Xilinx/14.7/ISE_DS/PlanAhead/data/./parts/xilinx/spartan3e/spartan3e/hd_int_macros.edn]
Loading clock regions from /opt/Xilinx/14.7/ISE_DS/PlanAhead/data/parts/xilinx/spartan3e/spartan3e/xc3s500e/ClockRegion.xml
Loading clock buffers from /opt/Xilinx/14.7/ISE_DS/PlanAhead/data/parts/xilinx/spartan3e/spartan3e/xc3s500e/ClockBuffers.xml
Loading package from /opt/Xilinx/14.7/ISE_DS/PlanAhead/data/parts/xilinx/spartan3e/spartan3e/xc3s500e/fg320/Package.xml
Loading io standards from /opt/Xilinx/14.7/ISE_DS/PlanAhead/data/./parts/xilinx/spartan3e/IOStandards.xml
INFO: [Device 21-19] Loading pkg sso from /opt/Xilinx/14.7/ISE_DS/PlanAhead/data/parts/xilinx/spartan3e/spartan3e/xc3s500e/fg320/SSORules.xml
Loading list of drcs for the architecture : /opt/Xilinx/14.7/ISE_DS/PlanAhead/data/./parts/xilinx/spartan3e/spartan3e/drc.xml
INFO: [Timing 38-77] Reading timing library /opt/Xilinx/14.7/ISE_DS/PlanAhead/data/parts/xilinx/spartan3e/spartan3e/spartan3e-4.lib.
INFO: [Timing 38-34] Done reading timing library /opt/Xilinx/14.7/ISE_DS/PlanAhead/data/parts/xilinx/spartan3e/spartan3e/spartan3e-4.lib.
Parsing UCF File [/home/chaman/Desktop/Lab6/Lab6_1/seven-bit-adder-substractor/seven_bit_adder_substractor.ucf]
Finished Parsing UCF File [/home/chaman/Desktop/Lab6/Lab6_1/seven-bit-adder-substractor/seven_bit_adder_substractor.ucf]
INFO: [Project 1-111] Unisim Transformation Summary:
No Unisim elements were transformed.

Phase 0 | Netlist Checksum: c09ab8c0
open_rtl_design: Time (s): cpu = 00:00:15 ; elapsed = 00:00:06 . Memory (MB): peak = 2846.652 ; gain = 150.352
update_compile_order -fileset sim_1
INFO: [Common 17-78] Attempting to get a license: PlanAhead
INFO: [Common 17-290] Got license for PlanAhead
startgroup
set_property package_pin E9 [get_ports {sum[6]}]
endgroup
startgroup
set_property package_pin D11 [get_ports {sum[5]}]
endgroup
startgroup
set_property package_pin C11 [get_ports {sum[4]}]
endgroup
startgroup
set_property package_pin F11 [get_ports {sum[3]}]
endgroup
startgroup
set_property package_pin E11 [get_ports {sum[2]}]
endgroup
startgroup
set_property package_pin E12 [get_ports {sum[1]}]
endgroup
startgroup
set_property package_pin F12 [get_ports {sum[0]}]
endgroup
startgroup
set_property package_pin N17 [get_ports {Y[3]}]
endgroup
startgroup
set_property package_pin H18 [get_ports {Y[3]}]
endgroup
startgroup
set_property package_pin L14 [get_ports {Y[2]}]
endgroup
startgroup
set_property package_pin L13 [get_ports {Y[1]}]
endgroup
startgroup
set_property package_pin N17 [get_ports {Y[3]}]
endgroup
startgroup
set_property package_pin H18 [get_ports {Y[2]}]
endgroup
startgroup
set_property package_pin L14 [get_ports {Y[1]}]
endgroup
startgroup
set_property package_pin L13 [get_ports {Y[0]}]
endgroup
startgroup
set_property package_pin F9 [get_ports carry]
endgroup
startgroup
set_property package_pin C9 [get_ports clk]
endgroup
startgroup
set_property package_pin K18 [get_ports ROT_A]
endgroup
startgroup
set_property package_pin G18 [get_ports ROT_B]
endgroup
set_property iostandard LVTTL [get_ports [list {sum[6]} {sum[5]} {sum[4]} {sum[3]} {sum[2]} {sum[1]} {sum[0]}]]
set_property drive 8 [get_ports [list {sum[6]} {sum[5]} {sum[4]} {sum[3]} {sum[2]} {sum[1]} {sum[0]}]]
set_property iostandard LVTTL [get_ports [list {Y[3]} {Y[2]} {Y[1]} {Y[0]}]]
set_property pulltype PULLDOWN [get_ports [list {Y[3]} {Y[2]} {Y[1]} {Y[0]}]]
set_property pulltype PULLUP [get_ports [list {Y[3]} {Y[2]} {Y[1]} {Y[0]}]]
set_property drive 8 [get_ports [list carry]]
set_property iostandard LVCMOS33 [get_ports [list carry]]
set_property iostandard LVCMOS25 [get_ports [list clk]]
set_property iostandard LVTTL [get_ports [list carry]]
set_property iostandard LVCMOS33 [get_ports [list clk]]
set_property iostandard LVTTL [get_ports [list ROT_A]]
set_property iostandard LVTTL [get_ports [list ROT_B]]
set_property pulltype PULLUP [get_ports [list ROT_A]]
set_property pulltype PULLUP [get_ports [list ROT_B]]
save_constraints
exit
ERROR: [#UNDEF] *** Exception: ui.h.b: Found deleted key in HTclEventBroker. Verify if the classes listed here call cleanup()
HTclEvent: DEBUG_PORT_CONFIG_CHANGE   Classes: ui.views.aR 
HTclEvent: SIGNAL_BUS_MODIFY   Classes: ui.views.aR 
HTclEvent: DEBUG_CORE_CONFIG_CHANGE   Classes: ui.views.aR 
HTclEvent: SIGNAL_MODIFY   Classes: ui.views.aR 
 (See /home/chaman/Desktop/Lab6/Lab6_1/seven-bit-adder-substractor/planAhead_pid11049.debug)
ERROR: [Common 17-39] 'stop_gui' failed due to earlier errors.
INFO: [Common 17-206] Exiting PlanAhead at Mon Feb 25 15:50:56 2019...
INFO: [Common 17-83] Releasing license: PlanAhead
