Running: /opt/Xilinx/14.7/ISE_DS/ISE/bin/lin64/unwrapped/fuse -intstyle ise -incremental -lib unisims_ver -lib unimacro_ver -lib xilinxcorelib_ver -o /home/chaman/Desktop/Lab6/Lab6_1/seven-bit-adder-substractor/full_adder_isim_beh.exe -prj /home/chaman/Desktop/Lab6/Lab6_1/seven-bit-adder-substractor/full_adder_beh.prj work.full_adder work.glbl 
ISim P.20131013 (signature 0xfbc00daa)
Number of CPUs detected in this system: 4
Turning on mult-threading, number of parallel sub-compilation jobs: 8 
Determining compilation order of HDL files
Analyzing Verilog file "/home/chaman/Desktop/Lab6/Lab6_1/seven-bit-adder-substractor/full_adder.v" into library work
Analyzing Verilog file "/opt/Xilinx/14.7/ISE_DS/ISE//verilog/src/glbl.v" into library work
Starting static elaboration
Completed static elaboration
Fuse Memory Usage: 102972 KB
Fuse CPU Usage: 1380 ms
Compiling module full_adder
Compiling module glbl
Time Resolution for simulation is 1ps.
Waiting for 3 sub-compilation(s) to finish...
Compiled 2 Verilog Units
Built simulation executable /home/chaman/Desktop/Lab6/Lab6_1/seven-bit-adder-substractor/full_adder_isim_beh.exe
Fuse Memory Usage: 663136 KB
Fuse CPU Usage: 1380 ms
GCC CPU Usage: 470 ms
