
****** PlanAhead v14.7 (64-bit)
  **** Build 321239 by xbuild on Fri Sep 27 19:24:36 MDT 2013
    ** Copyright 1986-1999, 2001-2013 Xilinx, Inc. All Rights Reserved.

INFO: [Common 17-78] Attempting to get a license: PlanAhead
INFO: [Common 17-290] Got license for PlanAhead
INFO: [Device 21-36] Loading parts and site information from /opt/Xilinx/14.7/ISE_DS/PlanAhead/data/parts/arch.xml
Parsing RTL primitives file [/opt/Xilinx/14.7/ISE_DS/PlanAhead/data/parts/xilinx/rtl/prims/rtl_prims.xml]
Finished parsing RTL primitives file [/opt/Xilinx/14.7/ISE_DS/PlanAhead/data/parts/xilinx/rtl/prims/rtl_prims.xml]
start_gui
source {/home/chaman/git/CS220/Lab 7/LCD_min/pa.fromHdl.tcl}
# create_project -name LCD_min -dir "/home/chaman/git/CS220/Lab 7/LCD_min/planAhead_run_1" -part xc3s500efg320-4
# set_param project.pinAheadLayout yes
# set srcset [get_property srcset [current_run -impl]]
# set_property target_constrs_file "LCD_MIN.ucf" [current_fileset -constrset]
Adding file '/home/chaman/git/CS220/Lab 7/LCD_min/LCD_MIN.ucf' to fileset 'constrs_1'
# set hdlfile [add_files [list {minimum.v}]]
# set_property file_type Verilog $hdlfile
# set_property library work $hdlfile
# set hdlfile [add_files [list {LCD.v}]]
# set_property file_type Verilog $hdlfile
# set_property library work $hdlfile
# set hdlfile [add_files [list {LCD_MIN.v}]]
# set_property file_type Verilog $hdlfile
# set_property library work $hdlfile
# set_property top LCD_MIN $srcset
# add_files [list {LCD_MIN.ucf}] -fileset [get_property constrset [current_run]]
# open_rtl_design -part xc3s500efg320-4
Using Verific elaboration
Parsing VHDL file "/opt/Xilinx/14.7/ISE_DS/PlanAhead/data/parts/xilinx/rtl/lib/synplify/synattr.vhd" into library synplify
Analyzing Verilog file "/home/chaman/git/CS220/Lab 7/LCD_min/minimum.v" into library work
Analyzing Verilog file "/home/chaman/git/CS220/Lab 7/LCD_min/LCD.v" into library work
Analyzing Verilog file "/home/chaman/git/CS220/Lab 7/LCD_min/LCD_MIN.v" into library work
INFO: [Designutils 20-910] Reading macro library /opt/Xilinx/14.7/ISE_DS/PlanAhead/data/./parts/xilinx/spartan3e/spartan3e/hd_int_macros.edn
Parsing EDIF File [/opt/Xilinx/14.7/ISE_DS/PlanAhead/data/./parts/xilinx/spartan3e/spartan3e/hd_int_macros.edn]
Finished Parsing EDIF File [/opt/Xilinx/14.7/ISE_DS/PlanAhead/data/./parts/xilinx/spartan3e/spartan3e/hd_int_macros.edn]
Loading clock regions from /opt/Xilinx/14.7/ISE_DS/PlanAhead/data/parts/xilinx/spartan3e/spartan3e/xc3s500e/ClockRegion.xml
Loading clock buffers from /opt/Xilinx/14.7/ISE_DS/PlanAhead/data/parts/xilinx/spartan3e/spartan3e/xc3s500e/ClockBuffers.xml
Loading package from /opt/Xilinx/14.7/ISE_DS/PlanAhead/data/parts/xilinx/spartan3e/spartan3e/xc3s500e/fg320/Package.xml
Loading io standards from /opt/Xilinx/14.7/ISE_DS/PlanAhead/data/./parts/xilinx/spartan3e/IOStandards.xml
INFO: [Device 21-19] Loading pkg sso from /opt/Xilinx/14.7/ISE_DS/PlanAhead/data/parts/xilinx/spartan3e/spartan3e/xc3s500e/fg320/SSORules.xml
Loading list of drcs for the architecture : /opt/Xilinx/14.7/ISE_DS/PlanAhead/data/./parts/xilinx/spartan3e/spartan3e/drc.xml
INFO: [Timing 38-77] Reading timing library /opt/Xilinx/14.7/ISE_DS/PlanAhead/data/parts/xilinx/spartan3e/spartan3e/spartan3e-4.lib.
INFO: [Timing 38-34] Done reading timing library /opt/Xilinx/14.7/ISE_DS/PlanAhead/data/parts/xilinx/spartan3e/spartan3e/spartan3e-4.lib.
Parsing UCF File [/home/chaman/git/CS220/Lab 7/LCD_min/LCD_MIN.ucf]
CRITICAL WARNING: [Constraints 18-11] Could not find net or pin 'slide[3]' [/home/chaman/git/CS220/Lab 7/LCD_min/LCD_MIN.ucf:37]
CRITICAL WARNING: [Constraints 18-11] Could not find net or pin 'slide[3]' [/home/chaman/git/CS220/Lab 7/LCD_min/LCD_MIN.ucf:40]
CRITICAL WARNING: [Constraints 18-11] Could not find net or pin 'slide[3]' [/home/chaman/git/CS220/Lab 7/LCD_min/LCD_MIN.ucf:44]
Finished Parsing UCF File [/home/chaman/git/CS220/Lab 7/LCD_min/LCD_MIN.ucf]
INFO: [Designutils 20-20] Invalid constraints found, use command 'write_ucf -constraints invalid <file>' to save all the invalid constraints to a file
INFO: [Project 1-111] Unisim Transformation Summary:
No Unisim elements were transformed.

Phase 0 | Netlist Checksum: dc5271e0
open_rtl_design: Time (s): cpu = 00:00:19 ; elapsed = 00:00:08 . Memory (MB): peak = 2832.379 ; gain = 117.949
update_compile_order -fileset sim_1
exit
ERROR: [Common 17-39] 'stop_gui' failed due to earlier errors.
INFO: [Common 17-206] Exiting PlanAhead at Mon Mar 11 14:46:43 2019...
INFO: [Common 17-83] Releasing license: PlanAhead
