Command line:
   full_adder_isim_beh.exe
     -simmode  gui
     -simrunnum  0
     -socket  39103

Tue Feb 26 11:09:09 2019


 Elaboration Time: 0.04 sec

 Current Memory Usage: 204.505 Meg

 Total Signals          : 18
 Total Nets             : 18
 Total Signal Drivers   : 7
 Total Blocks           : 2
 Total Primitive Blocks : 2
 Total Processes        : 8
 Total Traceable Variables  : 18
 Total Scalar Nets and Variables : 98
Total Line Count : 16

 Total Simulation Time: 0.05 sec

 Current Memory Usage: 280.007 Meg

Tue Feb 26 11:09:15 2019

