Running: /opt/Xilinx/14.7/ISE_DS/ISE/bin/lin64/unwrapped/fuse -intstyle ise -incremental -lib unisims_ver -lib unimacro_ver -lib xilinxcorelib_ver -o /media/rishabhbt/DADA/CS220Labs/Lab1_1/full_adder/full_adder_top_isim_beh.exe -prj /media/rishabhbt/DADA/CS220Labs/Lab1_1/full_adder/full_adder_top_beh.prj work.full_adder_top work.glbl 
ISim P.20131013 (signature 0xfbc00daa)
Number of CPUs detected in this system: 8
Turning on mult-threading, number of parallel sub-compilation jobs: 16 
Determining compilation order of HDL files
Analyzing Verilog file "/media/rishabhbt/DADA/CS220Labs/Lab1_1/full_adder/full_adder.v" into library work
Analyzing Verilog file "/media/rishabhbt/DADA/CS220Labs/Lab1_1/full_adder/full_adder_top.v" into library work
Analyzing Verilog file "/opt/Xilinx/14.7/ISE_DS/ISE//verilog/src/glbl.v" into library work
Starting static elaboration
Completed static elaboration
Fuse Memory Usage: 94632 KB
Fuse CPU Usage: 990 ms
Compiling module full_adder
Compiling module full_adder_top
Compiling module glbl
Time Resolution for simulation is 1ps.
Waiting for 1 sub-compilation(s) to finish...
Compiled 3 Verilog Units
Built simulation executable /media/rishabhbt/DADA/CS220Labs/Lab1_1/full_adder/full_adder_top_isim_beh.exe
Fuse Memory Usage: 1179108 KB
Fuse CPU Usage: 1020 ms
GCC CPU Usage: 320 ms
