Command line:
   fuller_adder_sch_fuller_adder_sch_sch_tb_isim_beh.exe
     -simmode  gui
     -simrunnum  0
     -socket  50284

Mon Jan 14 15:46:53 2019


 Elaboration Time: 0.04 sec

 Current Memory Usage: 225.792 Meg

 Total Signals          : 43
 Total Nets             : 22
 Total Signal Drivers   : 14
 Total Blocks           : 9
 Total Primitive Blocks : 7
 Total Processes        : 17
 Total Traceable Variables  : 21
 Total Scalar Nets and Variables : 105
Total Line Count : 28

 Total Simulation Time: 0.05 sec

 Current Memory Usage: 301.289 Meg

Mon Jan 14 16:10:44 2019

